<?xml version="1.0" encoding="UTF-8"?>
<!-- Generated by org.testng.reporters.JUnitReportReporter -->
<testsuite hostname="Hashim-Laptop" name="loginNGTest" tests="1" failures="0" timestamp="21 Sep 2017 09:51:39 GMT" time="0.232" errors="0">
  <testcase name="testMain" time="0.232" classname="loginNGTest"/>
</testsuite> <!-- loginNGTest -->
